Case #1: correct=True, output='(5 * (10 - 4)) - 6  = 24' ; accuracy=1.000 (1/1)
Case #2: correct=False, output=None ; accuracy=0.500 (1/2)
Case #3: correct=False, output=None ; accuracy=0.333 (1/3)
Case #4: correct=True, output='4 * (13 - (3 + 4))  = 24' ; accuracy=0.500 (2/4)
Case #5: correct=False, output=None ; accuracy=0.400 (2/5)
Case #6: correct=True, output='(13 - 11) * (1 + 11)  = 24' ; accuracy=0.500 (3/6)
Case #7: correct=False, output=None ; accuracy=0.429 (3/7)
Case #8: correct=True, output='(9 - (2 + 3)) * 6  = 24' ; accuracy=0.500 (4/8)
Case #9: correct=True, output='(5 - 1) * (9 - 3)  = 24' ; accuracy=0.556 (5/9)
Case #10: correct=False, output=None ; accuracy=0.500 (5/10)
Case #11: correct=True, output='9 + (5 * (7 - 4))  = 24' ; accuracy=0.545 (6/11)
Case #12: correct=True, output='(8 + 13) + (1 + 2)  = 24' ; accuracy=0.583 (7/12)
Case #13: correct=False, output='(30 - 6)  = 24' ; accuracy=0.538 (7/13)
Case #14: correct=True, output='8 * 1 + (4 * 4)  = 24' ; accuracy=0.571 (8/14)
Case #15: correct=False, output=None ; accuracy=0.533 (8/15)
Case #16: correct=True, output='(11 - 3 - 4) * 6  = 24' ; accuracy=0.562 (9/16)
Case #17: correct=True, output='(9 - (2 + 4)) * 8  = 24' ; accuracy=0.588 (10/17)
Case #18: correct=False, output=None ; accuracy=0.556 (10/18)
Case #19: correct=True, output='(12 - 2) + (7 * 2)  = 24' ; accuracy=0.579 (11/19)
Case #20: correct=False, output=None ; accuracy=0.550 (11/20)
Case #21: correct=True, output='(1 + 5) * (13 - 9)  = 24' ; accuracy=0.571 (12/21)
Case #22: correct=False, output=None ; accuracy=0.545 (12/22)
Case #23: correct=True, output='(5 - (10 / 5)) * 8  = 24' ; accuracy=0.565 (13/23)
Case #24: correct=True, output='((2 + 4) + 6) + 12  = 24' ; accuracy=0.583 (14/24)
Case #25: correct=True, output='(7 + 11) / 6 * 8  = 24' ; accuracy=0.600 (15/25)
Case #26: correct=True, output='((9 - 7) + 9) + 13  = 24' ; accuracy=0.615 (16/26)
Case #27: correct=False, output=None ; accuracy=0.593 (16/27)
Case #28: correct=False, output=None ; accuracy=0.571 (16/28)
Case #29: correct=False, output=None ; accuracy=0.552 (16/29)
Case #30: correct=True, output='(12 / (8 - 5)) * 6  = 24' ; accuracy=0.567 (17/30)
Case #31: correct=False, output=None ; accuracy=0.548 (17/31)
Case #32: correct=False, output=None ; accuracy=0.531 (17/32)
Case #33: correct=False, output=None ; accuracy=0.515 (17/33)
Case #34: correct=False, output=None ; accuracy=0.500 (17/34)
Case #35: correct=True, output='(5 + 8 - 11) * 12  = 24' ; accuracy=0.514 (18/35)
Case #36: correct=True, output='(8 / (10 / 5)) * 6  = 24' ; accuracy=0.528 (19/36)
Case #37: correct=False, output=None ; accuracy=0.514 (19/37)
Case #38: correct=True, output='(8 * (2 + 2)) - 8  = 24' ; accuracy=0.526 (20/38)
Case #39: correct=False, output=None ; accuracy=0.513 (20/39)
Case #40: correct=True, output='(12 - 2) + (6 + 8)  = 24' ; accuracy=0.525 (21/40)
Case #41: correct=True, output='3 * (13 + 4 - 9)  = 24' ; accuracy=0.537 (22/41)
Case #42: correct=False, output=None ; accuracy=0.524 (22/42)
Case #43: correct=True, output='(11 - 1) + (7 * 2)  = 24' ; accuracy=0.535 (23/43)
Case #44: correct=True, output='(4 + 5 - 6) * 8  = 24' ; accuracy=0.545 (24/44)
Case #45: correct=True, output='(12 / (13 - 10)) * 6  = 24' ; accuracy=0.556 (25/45)
Case #46: correct=False, output=None ; accuracy=0.543 (25/46)
Case #47: correct=True, output='4 * (11 - (1 + 4))  = 24' ; accuracy=0.553 (26/47)
Case #48: correct=True, output='(2 + 3) + 9 + 10  = 24' ; accuracy=0.562 (27/48)
Case #49: correct=False, output=None ; accuracy=0.551 (27/49)
Case #50: correct=True, output='(6 * (6 - 1)) - 6  = 24' ; accuracy=0.560 (28/50)
Case #51: correct=False, output=None ; accuracy=0.549 (28/51)
Case #52: correct=False, output=None ; accuracy=0.538 (28/52)
Case #53: correct=True, output='(5 - (13 - 10)) * 12  = 24' ; accuracy=0.547 (29/53)
Case #54: correct=True, output='(2 + 3) * 6 - 6  = 24' ; accuracy=0.556 (30/54)
Case #55: correct=False, output=None ; accuracy=0.545 (30/55)
Case #56: correct=True, output='(8 - (12 - 7)) * 8  = 24' ; accuracy=0.554 (31/56)
Case #57: correct=True, output='(3 * 4 - 8) * 6  = 24' ; accuracy=0.561 (32/57)
Case #58: correct=False, output=None ; accuracy=0.552 (32/58)
Case #59: correct=True, output='(2 + 3 + 6) + 13  = 24' ; accuracy=0.559 (33/59)
Case #60: correct=False, output=None ; accuracy=0.550 (33/60)
Case #61: correct=False, output=None ; accuracy=0.541 (33/61)
Case #62: correct=False, output=None ; accuracy=0.532 (33/62)
Case #63: correct=False, output=None ; accuracy=0.524 (33/63)
Case #64: correct=False, output=None ; accuracy=0.516 (33/64)
Case #65: correct=False, output=None ; accuracy=0.508 (33/65)
Case #66: correct=False, output=None ; accuracy=0.500 (33/66)
Case #67: correct=False, output=None ; accuracy=0.493 (33/67)
Case #68: correct=True, output='(2 * 5) + (7 + 7)  = 24' ; accuracy=0.500 (34/68)
Case #69: correct=True, output='(3 * 9) - (13 - 10)  = 24' ; accuracy=0.507 (35/69)
Case #70: correct=True, output='(7 - 3) * (2 + 4)  = 24' ; accuracy=0.514 (36/70)
Case #71: correct=False, output='(8 + 4) + (4 + 8)  = 24' ; accuracy=0.507 (36/71)
Case #72: correct=False, output=None ; accuracy=0.500 (36/72)
Case #73: correct=False, output='(1 * 5) * 1 + 12 + 12  = 29' ; accuracy=0.493 (36/73)
Case #74: correct=True, output='6 + (6 * (8 - 5))  = 24' ; accuracy=0.500 (37/74)
Case #75: correct=False, output=None ; accuracy=0.493 (37/75)
Case #76: correct=False, output=None ; accuracy=0.487 (37/76)
Case #77: correct=True, output='(12 / 3) * (9 - 3)  = 24' ; accuracy=0.494 (38/77)
Case #78: correct=False, output=None ; accuracy=0.487 (38/78)
Case #79: correct=False, output=None ; accuracy=0.481 (38/79)
Case #80: correct=False, output=None ; accuracy=0.475 (38/80)
Case #81: correct=False, output=None ; accuracy=0.469 (38/81)
Case #82: correct=False, output=None ; accuracy=0.463 (38/82)
Case #83: correct=False, output='8 + (2 * 8)  = 24' ; accuracy=0.458 (38/83)
Case #84: correct=False, output=None ; accuracy=0.452 (38/84)
Case #85: correct=False, output=None ; accuracy=0.447 (38/85)
Case #86: correct=True, output='(5 + 9 - 12) * 12  = 24' ; accuracy=0.453 (39/86)
Case #87: correct=True, output='(2 * (7 - 1)) + 12  = 24' ; accuracy=0.460 (40/87)
Case #88: correct=True, output='(5 * (2 + 4)) - 6  = 24' ; accuracy=0.466 (41/88)
Case #89: correct=False, output=None ; accuracy=0.461 (41/89)
Case #90: correct=False, output='3 * (5 + 3)  = 24' ; accuracy=0.456 (41/90)
Case #91: correct=False, output=None ; accuracy=0.451 (41/91)
Case #92: correct=False, output=None ; accuracy=0.446 (41/92)
Case #93: correct=False, output=None ; accuracy=0.441 (41/93)
Case #94: correct=True, output='(7 - 1) * 5 - 6  = 24' ; accuracy=0.447 (42/94)
Case #95: correct=True, output='(10 + (11 - 5) + 8)  = 24' ; accuracy=0.453 (43/95)
Case #96: correct=False, output=None ; accuracy=0.448 (43/96)
Case #97: correct=True, output='(2 * 5 - 6) * 6  = 24' ; accuracy=0.454 (44/97)
Case #98: correct=False, output=None ; accuracy=0.449 (44/98)
Case #99: correct=False, output=None ; accuracy=0.444 (44/99)
Case #100: correct=False, output=None ; accuracy=0.440 (44/100)
