Case #1: correct=False, output='(6 - (10 / 5)) * 4 = 24' ; accuracy=0.000 (0/1)
Case #2: correct=True, output='4 * (7 - 2 + 1) = 24' ; accuracy=0.500 (1/2)
Case #3: correct=True, output='(8 / 2) * (11 - 5) = 24' ; accuracy=0.667 (2/3)
Case #4: correct=True, output='(13 + (3 + 4 + 4)) = 24' ; accuracy=0.750 (3/4)
Case #5: correct=True, output='(8 / (9 - 7)) * 6 = 24' ; accuracy=0.800 (4/5)
Case #6: correct=True, output='(1 + 11) * (13 - 11) = 24' ; accuracy=0.833 (5/6)
Case #7: correct=False, output=None ; accuracy=0.714 (5/7)
Case #8: correct=True, output='(9 - (2 + 3)) * 6 = 24' ; accuracy=0.750 (6/8)
Case #9: correct=True, output='(9 - 3) * (5 - 1) = 24' ; accuracy=0.778 (7/9)
Case #10: correct=True, output='(12 - (7 - 3)) * 3 = 24' ; accuracy=0.800 (8/10)
Case #11: correct=True, output='(7 * 4 + 5) - 9 = 24' ; accuracy=0.818 (9/11)
Case #12: correct=True, output='(1 + 2) + 8 + 13 = 24' ; accuracy=0.833 (10/12)
Case #13: correct=False, output='' ; accuracy=0.769 (10/13)
Case #14: correct=True, output='8 + (4 * (4 * 1)) = 24' ; accuracy=0.786 (11/14)
Case #15: correct=True, output='(11 + 1) * (10 / 5) = 24' ; accuracy=0.800 (12/15)
Case #16: correct=True, output='(11 - (3 + 4)) * 6 = 24' ; accuracy=0.812 (13/16)
Case #17: correct=True, output='(9 - (2 + 4)) * 8 = 24' ; accuracy=0.824 (14/17)
Case #18: correct=True, output='(4 - 1) * (13 - 5) = 24' ; accuracy=0.833 (15/18)
Case #19: correct=True, output='(12 - 2) + (7 * 2) = 24' ; accuracy=0.842 (16/19)
Case #20: correct=False, output=None ; accuracy=0.800 (16/20)
Case #21: correct=True, output='(1 + 5) * (13 - 9) = 24' ; accuracy=0.810 (17/21)
Case #22: correct=True, output='(7 + (6 * 5 - 13)) = 24' ; accuracy=0.818 (18/22)
Case #23: correct=False, output=None ; accuracy=0.783 (18/23)
Case #24: correct=True, output='((2 + 4) + 6) + 12 = 24' ; accuracy=0.792 (19/24)
Case #25: correct=True, output='(8 - (11 - 7)) * 6 = 24' ; accuracy=0.800 (20/25)
Case #26: correct=False, output=None ; accuracy=0.769 (20/26)
Case #27: correct=False, output=None ; accuracy=0.741 (20/27)
Case #28: correct=True, output='(6 - (13 - 9)) * 12 = 24' ; accuracy=0.750 (21/28)
Case #29: correct=False, output=None ; accuracy=0.724 (21/29)
Case #30: correct=False, output=None ; accuracy=0.700 (21/30)
Case #31: correct=True, output='(4 + 6) + (2 * 7) = 24' ; accuracy=0.710 (22/31)
Case #32: correct=False, output=None ; accuracy=0.688 (22/32)
Case #33: correct=True, output='((7 * 6) - 12) - 6 = 24' ; accuracy=0.697 (23/33)
Case #34: correct=False, output='' ; accuracy=0.676 (23/34)
Case #35: correct=True, output='(12 - 8) * (11 - 5) = 24' ; accuracy=0.686 (24/35)
Case #36: correct=False, output=None ; accuracy=0.667 (24/36)
Case #37: correct=True, output='(6 * (13 - 11)) + 12 = 24' ; accuracy=0.676 (25/37)
Case #38: correct=True, output='(8 / 2) * (8 - 2) = 24' ; accuracy=0.684 (26/38)
Case #39: correct=True, output='12 / (7 - 13 / 2) = 24' ; accuracy=0.692 (27/39)
Case #40: correct=True, output='(8 / 2) * (12 - 6) = 24' ; accuracy=0.700 (28/40)
Case #41: correct=False, output=None ; accuracy=0.683 (28/41)
Case #42: correct=True, output='(5 * 4 / 10) * 12 = 24' ; accuracy=0.690 (29/42)
Case #43: correct=True, output='(7 * 2) + (11 - 1) = 24' ; accuracy=0.698 (30/43)
Case #44: correct=True, output='(4 + 5 - 6) * 8 = 24' ; accuracy=0.705 (31/44)
Case #45: correct=True, output='12 * (6 / (13 - 10)) = 24' ; accuracy=0.711 (32/45)
Case #46: correct=False, output=None ; accuracy=0.696 (32/46)
Case #47: correct=True, output='4 * (11 - (1 + 4)) = 24' ; accuracy=0.702 (33/47)
Case #48: correct=True, output='(9 * 2 - 10) * 3 = 24' ; accuracy=0.708 (34/48)
Case #49: correct=False, output=None ; accuracy=0.694 (34/49)
Case #50: correct=True, output='(6 - 1) * 6 - 6 = 24' ; accuracy=0.700 (35/50)
Case #51: correct=True, output='2 * (9 + 1 + 2) = 24' ; accuracy=0.706 (36/51)
Case #52: correct=True, output='(11 + 1) / 3 * 6 = 24' ; accuracy=0.712 (37/52)
Case #53: correct=True, output='(10 - (13 - 5)) * 12 = 24' ; accuracy=0.717 (38/53)
Case #54: correct=True, output='(6 / 3 + 2) * 6 = 24' ; accuracy=0.722 (39/54)
Case #55: correct=True, output='(7 * (12 / 6)) + 10 = 24' ; accuracy=0.727 (40/55)
Case #56: correct=False, output='(12 - 7) * (8 - (12 - 7)) = 24' ; accuracy=0.714 (40/56)
Case #57: correct=True, output='(8 - 6) * (3 * 4) = 24' ; accuracy=0.719 (41/57)
Case #58: correct=True, output='(9 - 7) * (11 + 1) = 24' ; accuracy=0.724 (42/58)
Case #59: correct=True, output='(2 + 3) + (6 + 13) = 24' ; accuracy=0.729 (43/59)
Case #60: correct=True, output='(2 + (5 * 2)) + 12 = 24' ; accuracy=0.733 (44/60)
Case #61: correct=False, output=None ; accuracy=0.721 (44/61)
Case #62: correct=False, output=None ; accuracy=0.710 (44/62)
Case #63: correct=True, output='(1 * 3) + 8 + 13 = 24' ; accuracy=0.714 (45/63)
Case #64: correct=False, output=None ; accuracy=0.703 (45/64)
Case #65: correct=True, output='(1 + 7) * (13 - 10) = 24' ; accuracy=0.708 (46/65)
Case #66: correct=False, output=None ; accuracy=0.697 (46/66)
Case #67: correct=True, output='(11 + (3 * 3) + 4)  = 24' ; accuracy=0.701 (47/67)
Case #68: correct=False, output=None ; accuracy=0.691 (47/68)
Case #69: correct=True, output='(9 * (13 - 10)) - 3 = 24' ; accuracy=0.696 (48/69)
Case #70: correct=True, output='(7 + 2 - 3) * 4 = 24' ; accuracy=0.700 (49/70)
Case #71: correct=False, output='8 * (12 / 4) = 24' ; accuracy=0.690 (49/71)
Case #72: correct=True, output='(10 / 2 - 1) * 6 = 24' ; accuracy=0.694 (50/72)
Case #73: correct=False, output='(1 + 5) * (12 / (1 + 5)) = 24' ; accuracy=0.685 (50/73)
Case #74: correct=False, output='(5 * 6 - 6)  = 24' ; accuracy=0.676 (50/74)
Case #75: correct=True, output='8 * (7 + 7 - 11) = 24' ; accuracy=0.680 (51/75)
Case #76: correct=False, output=None ; accuracy=0.671 (51/76)
Case #77: correct=True, output='(12 / 3) * (9 - 3) = 24' ; accuracy=0.675 (52/77)
Case #78: correct=True, output='(10 - 7) * (5 + 3) = 24' ; accuracy=0.679 (53/78)
Case #79: correct=True, output='(12 - 4) * (13 - 10) = 24' ; accuracy=0.684 (54/79)
Case #80: correct=False, output='3 * (10 - 2) = 24' ; accuracy=0.675 (54/80)
Case #81: correct=False, output='(6 - (6 / 3)) * 4 = 24' ; accuracy=0.667 (54/81)
Case #82: correct=True, output='((5 * 8) - 8) - 8  = 24' ; accuracy=0.671 (55/82)
Case #83: correct=True, output='(8 + 8 - 12) * 6 = 24' ; accuracy=0.675 (56/83)
Case #84: correct=True, output='2 * (4 * (9 / 3)) = 24' ; accuracy=0.679 (57/84)
Case #85: correct=False, output=None ; accuracy=0.671 (57/85)
Case #86: correct=True, output='(5 + 9 - 12) * 12 = 24' ; accuracy=0.674 (58/86)
Case #87: correct=False, output=None ; accuracy=0.667 (58/87)
Case #88: correct=False, output='' ; accuracy=0.659 (58/88)
Case #89: correct=True, output='(13 - 5) * (8 - 5) = 24' ; accuracy=0.663 (59/89)
Case #90: correct=True, output='(10 / 2 + 3) * 3 = 24' ; accuracy=0.667 (60/90)
Case #91: correct=True, output='8 + (4 * (12 / 3)) = 24' ; accuracy=0.670 (61/91)
Case #92: correct=False, output=None ; accuracy=0.663 (61/92)
Case #93: correct=True, output='8 + (9 * 2 - 2) = 24' ; accuracy=0.667 (62/93)
Case #94: correct=False, output=None ; accuracy=0.660 (62/94)
Case #95: correct=True, output='(11 + (8 + 10 - 5)) = 24' ; accuracy=0.663 (63/95)
Case #96: correct=True, output='4 * (9 - (12 / 4)) = 24' ; accuracy=0.667 (64/96)
Case #97: correct=False, output=None ; accuracy=0.660 (64/97)
Case #98: correct=True, output='4 * (2 * (12 - 9)) = 24' ; accuracy=0.663 (65/98)
Case #99: correct=True, output='(13 - 11) * (4 + 8) = 24' ; accuracy=0.667 (66/99)
Case #100: correct=True, output='(10 - 4) * (13 - 9) = 24' ; accuracy=0.670 (67/100)
