Case #1: correct=True, output='(5 * 6) - (10 - 4)  = 24' ; accuracy=1.000 (1/1)
Case #2: correct=True, output='4 * (7 + 1 - 2)  = 24' ; accuracy=1.000 (2/2)
Case #3: correct=False, output=None ; accuracy=0.667 (2/3)
Case #4: correct=True, output='4 * (13 - 3 - 4)  = 24' ; accuracy=0.750 (3/4)
Case #5: correct=False, output=None ; accuracy=0.600 (3/5)
Case #6: correct=False, output=None ; accuracy=0.500 (3/6)
Case #7: correct=False, output=None ; accuracy=0.429 (3/7)
Case #8: correct=False, output=None ; accuracy=0.375 (3/8)
Case #9: correct=True, output='(5 - 1) * (9 - 3)  = 24' ; accuracy=0.444 (4/9)
Case #10: correct=True, output='(3 * (7 - 3)) + 12  = 24' ; accuracy=0.500 (5/10)
Case #11: correct=False, output=None ; accuracy=0.455 (5/11)
Case #12: correct=True, output='((1 + 2) + 8) + 13  = 24' ; accuracy=0.500 (6/12)
Case #13: correct=False, output=None ; accuracy=0.462 (6/13)
Case #14: correct=False, output=None ; accuracy=0.429 (6/14)
Case #15: correct=False, output=None ; accuracy=0.400 (6/15)
Case #16: correct=True, output='(11 + 3) + (4 + 6)  = 24' ; accuracy=0.438 (7/16)
Case #17: correct=False, output=None ; accuracy=0.412 (7/17)
Case #18: correct=False, output=None ; accuracy=0.389 (7/18)
Case #19: correct=False, output=None ; accuracy=0.368 (7/19)
Case #20: correct=True, output='(3 * 7 - 3) + 6  = 24' ; accuracy=0.400 (8/20)
Case #21: correct=False, output=None ; accuracy=0.381 (8/21)
Case #22: correct=False, output='5 * (6 - (13 - 7))  = 0' ; accuracy=0.364 (8/22)
Case #23: correct=True, output='(5 - 10 / 5) * 8  = 24' ; accuracy=0.391 (9/23)
Case #24: correct=True, output='((6 + 2) / 4) * 12  = 24' ; accuracy=0.417 (10/24)
Case #25: correct=False, output=None ; accuracy=0.400 (10/25)
Case #26: correct=True, output='((13 - 7) + 9) + 9  = 24' ; accuracy=0.423 (11/26)
Case #27: correct=True, output='((9 - 3) + 6) + 12  = 24' ; accuracy=0.444 (12/27)
Case #28: correct=True, output='(12 - 6) * (13 - 9)  = 24' ; accuracy=0.464 (13/28)
Case #29: correct=False, output=None ; accuracy=0.448 (13/29)
Case #30: correct=True, output='6 * (12 / (8 - 5))  = 24' ; accuracy=0.467 (14/30)
Case #31: correct=False, output=None ; accuracy=0.452 (14/31)
Case #32: correct=False, output=None ; accuracy=0.438 (14/32)
Case #33: correct=True, output='6 * (12 - 7) - 6  = 24' ; accuracy=0.455 (15/33)
Case #34: correct=False, output=None ; accuracy=0.441 (15/34)
Case #35: correct=True, output='(5 + 8 - 11) * 12  = 24' ; accuracy=0.457 (16/35)
Case #36: correct=True, output='(8 / (10 / 5)) * 6  = 24' ; accuracy=0.472 (17/36)
Case #37: correct=False, output=None ; accuracy=0.459 (17/37)
Case #38: correct=True, output='((2 * 2) * 8) - 8  = 24' ; accuracy=0.474 (18/38)
Case #39: correct=True, output='(2 * (13 - 7)) + 12  = 24' ; accuracy=0.487 (19/39)
Case #40: correct=True, output='(2 * 8 - 12) * 6  = 24' ; accuracy=0.500 (20/40)
Case #41: correct=False, output=None ; accuracy=0.488 (20/41)
Case #42: correct=True, output='4 * (12 / (10 / 5))  = 24' ; accuracy=0.500 (21/42)
Case #43: correct=False, output='' ; accuracy=0.488 (21/43)
Case #44: correct=False, output=None ; accuracy=0.477 (21/44)
Case #45: correct=False, output=None ; accuracy=0.467 (21/45)
Case #46: correct=True, output='9 * ((9 - 1) / 3)  = 24' ; accuracy=0.478 (22/46)
Case #47: correct=True, output='4 * (11 - 1 - 4)  = 24' ; accuracy=0.489 (23/47)
Case #48: correct=True, output='((2 + 3) + 9) + 10  = 24' ; accuracy=0.500 (24/48)
Case #49: correct=False, output='2 * (13 - 1)  = 24' ; accuracy=0.490 (24/49)
Case #50: correct=False, output=None ; accuracy=0.480 (24/50)
Case #51: correct=False, output=None ; accuracy=0.471 (24/51)
Case #52: correct=False, output=None ; accuracy=0.462 (24/52)
Case #53: correct=False, output=None ; accuracy=0.453 (24/53)
Case #54: correct=False, output='(5 * 6) - 6  = 24' ; accuracy=0.444 (24/54)
Case #55: correct=False, output=None ; accuracy=0.436 (24/55)
Case #56: correct=False, output=None ; accuracy=0.429 (24/56)
Case #57: correct=True, output='(3 * 4) * (8 - 6)  = 24' ; accuracy=0.439 (25/57)
Case #58: correct=False, output=None ; accuracy=0.431 (25/58)
Case #59: correct=True, output='((2 + 3) + (13 + 6))  = 24' ; accuracy=0.441 (26/59)
Case #60: correct=False, output=None ; accuracy=0.433 (26/60)
Case #61: correct=False, output=None ; accuracy=0.426 (26/61)
Case #62: correct=False, output=None ; accuracy=0.419 (26/62)
Case #63: correct=False, output='((1 * 3) * 8) * 1  = 24' ; accuracy=0.413 (26/63)
Case #64: correct=False, output='(3 * 8) * (10 - 7)  = 72' ; accuracy=0.406 (26/64)
Case #65: correct=False, output=None ; accuracy=0.400 (26/65)
Case #66: correct=False, output=None ; accuracy=0.394 (26/66)
Case #67: correct=False, output=None ; accuracy=0.388 (26/67)
Case #68: correct=True, output='(2 * 5) + (7 + 7)  = 24' ; accuracy=0.397 (27/68)
Case #69: correct=False, output=None ; accuracy=0.391 (27/69)
Case #70: correct=False, output=None ; accuracy=0.386 (27/70)
Case #71: correct=True, output='4 * (12 / (8 / 4))  = 24' ; accuracy=0.394 (28/71)
Case #72: correct=False, output=None ; accuracy=0.389 (28/72)
Case #73: correct=True, output='(12 / (1 + 5)) * 12  = 24' ; accuracy=0.397 (29/73)
Case #74: correct=False, output=None ; accuracy=0.392 (29/74)
Case #75: correct=False, output=None ; accuracy=0.387 (29/75)
Case #76: correct=False, output=None ; accuracy=0.382 (29/76)
Case #77: correct=True, output='(12 / 3) * (9 - 3)  = 24' ; accuracy=0.390 (30/77)
Case #78: correct=True, output='(3 + 5) * (10 - 7)  = 24' ; accuracy=0.397 (31/78)
Case #79: correct=False, output=None ; accuracy=0.392 (31/79)
Case #80: correct=False, output=None ; accuracy=0.388 (31/80)
Case #81: correct=True, output='(3 * 4) + (6 + 6)  = 24' ; accuracy=0.395 (32/81)
Case #82: correct=True, output='8 * 8 - 5 * 8  = 24' ; accuracy=0.402 (33/82)
Case #83: correct=False, output=None ; accuracy=0.398 (33/83)
Case #84: correct=False, output='2 * (3 * (9 / 3))  = 18.0' ; accuracy=0.393 (33/84)
Case #85: correct=False, output=None ; accuracy=0.388 (33/85)
Case #86: correct=True, output='((5 + 9) - 12) * 12  = 24' ; accuracy=0.395 (34/86)
Case #87: correct=False, output=None ; accuracy=0.391 (34/87)
Case #88: correct=False, output=None ; accuracy=0.386 (34/88)
Case #89: correct=False, output=None ; accuracy=0.382 (34/89)
Case #90: correct=False, output=None ; accuracy=0.378 (34/90)
Case #91: correct=True, output='(3 * (8 + 4)) - 12  = 24' ; accuracy=0.385 (35/91)
Case #92: correct=False, output=None ; accuracy=0.380 (35/92)
Case #93: correct=True, output='2 * 9 + (8 - 2)  = 24' ; accuracy=0.387 (36/93)
Case #94: correct=False, output=None ; accuracy=0.383 (36/94)
Case #95: correct=True, output='(11 + (8 - 5) + 10)  = 24' ; accuracy=0.389 (37/95)
Case #96: correct=True, output='4 * (9 - 12 / 4)  = 24' ; accuracy=0.396 (38/96)
Case #97: correct=True, output='(2 * 5 - 6) * 6  = 24' ; accuracy=0.402 (39/97)
Case #98: correct=True, output='(2 * 4) * (12 - 9)  = 24' ; accuracy=0.408 (40/98)
Case #99: correct=True, output='(4 + 8) * (13 - 11)  = 24' ; accuracy=0.414 (41/99)
Case #100: correct=False, output=None ; accuracy=0.410 (41/100)
