Case #1: correct=False, output=None ; accuracy=0.000 (0/1)
Case #2: correct=False, output=None ; accuracy=0.000 (0/2)
Case #3: correct=False, output=None ; accuracy=0.000 (0/3)
Case #4: correct=True, output='(4 + (3 + 4)) + 13 = 24' ; accuracy=0.250 (1/4)
Case #5: correct=False, output=None ; accuracy=0.200 (1/5)
Case #6: correct=False, output='(2 * (1 + 11)) * (13 - 11) = 24' ; accuracy=0.167 (1/6)
Case #7: correct=False, output=None ; accuracy=0.143 (1/7)
Case #8: correct=True, output='(9 - (2 + 3)) * 6 = 24' ; accuracy=0.250 (2/8)
Case #9: correct=True, output='(1 * 9) + (3 * 5) = 24' ; accuracy=0.333 (3/9)
Case #10: correct=True, output='(7 - 3) * 3 + 12 = 24' ; accuracy=0.400 (4/10)
Case #11: correct=True, output='(4 * 9) - (5 + 7) = 24' ; accuracy=0.455 (5/11)
Case #12: correct=True, output='((1 + 2) + 8) + 13 = 24' ; accuracy=0.500 (6/12)
Case #13: correct=True, output='(4 * 9) - (6 + 6) = 24' ; accuracy=0.538 (7/13)
Case #14: correct=False, output=None ; accuracy=0.500 (7/14)
Case #15: correct=False, output=None ; accuracy=0.467 (7/15)
Case #16: correct=True, output='((3 + 4) + 6) + 11 = 24' ; accuracy=0.500 (8/16)
Case #17: correct=True, output='8 * (9 - (2 + 4)) = 24' ; accuracy=0.529 (9/17)
Case #18: correct=False, output=None ; accuracy=0.500 (9/18)
Case #19: correct=True, output='(2 * 7) + (12 - 2) = 24' ; accuracy=0.526 (10/19)
Case #20: correct=False, output=None ; accuracy=0.500 (10/20)
Case #21: correct=True, output='(1 + 5) * (13 - 9) = 24' ; accuracy=0.524 (11/21)
Case #22: correct=False, output=None ; accuracy=0.500 (11/22)
Case #23: correct=False, output='5 * 5 - (8 * 10 / 25)  = 21.8' ; accuracy=0.478 (11/23)
Case #24: correct=True, output='((2 + 4) + 6) + 12 = 24' ; accuracy=0.500 (12/24)
Case #25: correct=True, output='6 * (7 + 8 - 11) = 24' ; accuracy=0.520 (13/25)
Case #26: correct=True, output='((9 + 9) + (13 - 7)) = 24' ; accuracy=0.538 (14/26)
Case #27: correct=True, output='(9 - 3 + 6) + 12 = 24' ; accuracy=0.556 (15/27)
Case #28: correct=False, output=None ; accuracy=0.536 (15/28)
Case #29: correct=True, output='((13 - 9) * 7) - 4 = 24' ; accuracy=0.552 (16/29)
Case #30: correct=False, output=None ; accuracy=0.533 (16/30)
Case #31: correct=False, output=None ; accuracy=0.516 (16/31)
Case #32: correct=False, output=None ; accuracy=0.500 (16/32)
Case #33: correct=True, output='(6 * 7) - (6 + 12) = 24' ; accuracy=0.515 (17/33)
Case #34: correct=True, output='(11 - 9) * 9 + 6 = 24' ; accuracy=0.529 (18/34)
Case #35: correct=True, output='(5 + 8 - 11) * 12 = 24' ; accuracy=0.543 (19/35)
Case #36: correct=True, output='((5 * 6) / 10) * 8  = 24' ; accuracy=0.556 (20/36)
Case #37: correct=False, output=None ; accuracy=0.541 (20/37)
Case #38: correct=True, output='(8 * (2 + 2)) - 8 = 24' ; accuracy=0.553 (21/38)
Case #39: correct=False, output=None ; accuracy=0.538 (21/39)
Case #40: correct=True, output='(12 - 2) + (6 + 8) = 24' ; accuracy=0.550 (22/40)
Case #41: correct=False, output=None ; accuracy=0.537 (22/41)
Case #42: correct=True, output='(4 - 10 / 5) * 12 = 24' ; accuracy=0.548 (23/42)
Case #43: correct=True, output='(2 * 7 - 1) + 11 = 24' ; accuracy=0.558 (24/43)
Case #44: correct=True, output='(4 + 5 - 6) * 8 = 24' ; accuracy=0.568 (25/44)
Case #45: correct=True, output='6 * (12 / (13 - 10)) = 24' ; accuracy=0.578 (26/45)
Case #46: correct=True, output='((9 - 1) * (9 / 3)) = 24' ; accuracy=0.587 (27/46)
Case #47: correct=True, output='4 * (11 - (1 + 4)) = 24' ; accuracy=0.596 (28/47)
Case #48: correct=True, output='(9 + (3 * (10 / 2))) = 24' ; accuracy=0.604 (29/48)
Case #49: correct=False, output=None ; accuracy=0.592 (29/49)
Case #50: correct=False, output=None ; accuracy=0.580 (29/50)
Case #51: correct=True, output='(2 * (1 + 2 + 9)) = 24' ; accuracy=0.588 (30/51)
Case #52: correct=False, output=None ; accuracy=0.577 (30/52)
Case #53: correct=False, output=None ; accuracy=0.566 (30/53)
Case #54: correct=False, output='(4 * 6) * (6 / 3) = 24' ; accuracy=0.556 (30/54)
Case #55: correct=True, output='(12 / 6) * 7 + 10  = 24' ; accuracy=0.564 (31/55)
Case #56: correct=True, output='8 * (7 + 8 - 12) = 24' ; accuracy=0.571 (32/56)
Case #57: correct=False, output="To solve this, we need to ensure that the final expression evaluates to 24 using the given numbers and basic arithmetic operations. Let's break down the steps and construct the expression accordingly." ; accuracy=0.561 (32/57)
Case #58: correct=False, output=None ; accuracy=0.552 (32/58)
Case #59: correct=True, output='((2 + 3) + 6) + 13 = 24' ; accuracy=0.559 (33/59)
Case #60: correct=False, output=None ; accuracy=0.550 (33/60)
Case #61: correct=False, output=None ; accuracy=0.541 (33/61)
Case #62: correct=False, output=None ; accuracy=0.532 (33/62)
Case #63: correct=False, output='(13 - 1) * (8 / (3 - 1)) = 24' ; accuracy=0.524 (33/63)
Case #64: correct=False, output=None ; accuracy=0.516 (33/64)
Case #65: correct=False, output=None ; accuracy=0.508 (33/65)
Case #66: correct=False, output='(8 * (9 - 1)) * (13 - 10) = 24' ; accuracy=0.500 (33/66)
Case #67: correct=False, output=None ; accuracy=0.493 (33/67)
Case #68: correct=False, output=None ; accuracy=0.485 (33/68)
Case #69: correct=False, output=None ; accuracy=0.478 (33/69)
Case #70: correct=False, output=None ; accuracy=0.471 (33/70)
Case #71: correct=False, output='12 + (4 + 8 / 4) = 24' ; accuracy=0.465 (33/71)
Case #72: correct=False, output=None ; accuracy=0.458 (33/72)
Case #73: correct=True, output='(12 / (1 + 5)) * 12 = 24' ; accuracy=0.466 (34/73)
Case #74: correct=True, output='6 + (8 - 5) * 6 = 24' ; accuracy=0.473 (35/74)
Case #75: correct=False, output=None ; accuracy=0.467 (35/75)
Case #76: correct=False, output=None ; accuracy=0.461 (35/76)
Case #77: correct=True, output='(12 / 3) * (9 - 3) = 24' ; accuracy=0.468 (36/77)
Case #78: correct=True, output='3 * (5 + 10 - 7) = 24' ; accuracy=0.474 (37/78)
Case #79: correct=True, output='(4 * (13 - 10)) + 12 = 24' ; accuracy=0.481 (38/79)
Case #80: correct=False, output='3 * (10 - 2) + 12  = 36' ; accuracy=0.475 (38/80)
Case #81: correct=False, output=None ; accuracy=0.469 (38/81)
Case #82: correct=True, output='(8 * 5) - (8 + 8) = 24' ; accuracy=0.476 (39/82)
Case #83: correct=False, output=None ; accuracy=0.470 (39/83)
Case #84: correct=False, output=None ; accuracy=0.464 (39/84)
Case #85: correct=False, output=None ; accuracy=0.459 (39/85)
Case #86: correct=True, output='(5 + 9 - 12) * 12 = 24' ; accuracy=0.465 (40/86)
Case #87: correct=False, output=None ; accuracy=0.460 (40/87)
Case #88: correct=False, output=None ; accuracy=0.455 (40/88)
Case #89: correct=True, output='(8 - 5) * (13 - 5) = 24' ; accuracy=0.461 (41/89)
Case #90: correct=True, output='((10 / 2) + 3) * 3 = 24' ; accuracy=0.467 (42/90)
Case #91: correct=False, output=None ; accuracy=0.462 (42/91)
Case #92: correct=False, output=None ; accuracy=0.457 (42/92)
Case #93: correct=False, output=None ; accuracy=0.452 (42/93)
Case #94: correct=False, output=None ; accuracy=0.447 (42/94)
Case #95: correct=True, output='(10 - 5 + 8) + 11 = 24' ; accuracy=0.453 (43/95)
Case #96: correct=True, output='4 * (9 - (12 / 4)) = 24' ; accuracy=0.458 (44/96)
Case #97: correct=False, output=None ; accuracy=0.454 (44/97)
Case #98: correct=True, output='2 * (4 * (12 - 9)) = 24' ; accuracy=0.459 (45/98)
Case #99: correct=True, output='4 * (8 + 11 - 13) = 24' ; accuracy=0.465 (46/99)
Case #100: correct=True, output='4 * (9 + 10 - 13) = 24' ; accuracy=0.470 (47/100)
